<?xml version="1.0" encoding="UTF-8"?>
<!-- Generated by org.testng.reporters.JUnitXMLReporter -->
<testsuite ignored="4" hostname="Nesmas-MacBook-Pro.local" failures="0" tests="1" name="Default test" time="6.31" errors="0" timestamp="2021-11-10T09:42:15 EET">
  <testcase classname="course_pakege.RestAssured" name="getAllCoursesTC" time="0.8"/>
  <testcase classname="course_pakege.RestAssured" name="editCourseTC" time="0.0">
    <ignored/>
  </testcase> <!-- editCourseTC -->
  <testcase classname="course_pakege.RestAssured" name="postCourseTC" time="0.0">
    <ignored/>
  </testcase> <!-- postCourseTC -->
  <testcase classname="course_pakege.RestAssured" name="getCourseTC" time="0.0">
    <ignored/>
  </testcase> <!-- getCourseTC -->
  <testcase classname="course_pakege.RestAssured" name="deleteCourseTC" time="0.0">
    <ignored/>
  </testcase> <!-- deleteCourseTC -->
</testsuite> <!-- Default test -->
