<?xml version="1.0" encoding="UTF-8"?>
<!-- Generated by org.testng.reporters.JUnitXMLReporter -->
<testsuite ignored="5" hostname="Nesmas-MacBook-Pro.local" failures="0" tests="1" name="Default test" time="2.751" errors="0" timestamp="2021-11-09T15:39:37 EET">
  <testcase classname="course_pakege.RestAssured" name="deleteCourseTC" time="0.065"/>
  <testcase classname="course_pakege.RestAssured" name="editCourseTC" time="0.0">
    <ignored/>
  </testcase> <!-- editCourseTC -->
  <testcase classname="course_pakege.RestAssured" name="getAllCoursesTC" time="0.0">
    <ignored/>
  </testcase> <!-- getAllCoursesTC -->
  <testcase classname="course_pakege.RestAssured" name="postCourseTC" time="0.0">
    <ignored/>
  </testcase> <!-- postCourseTC -->
  <testcase classname="course_pakege.RestAssured" name="register" time="0.0">
    <ignored/>
  </testcase> <!-- register -->
  <testcase classname="course_pakege.RestAssured" name="getCourseTC" time="0.0">
    <ignored/>
  </testcase> <!-- getCourseTC -->
</testsuite> <!-- Default test -->
