<?xml version="1.0" encoding="UTF-8"?>
<!-- Generated by org.testng.reporters.JUnitXMLReporter -->
<testsuite ignored="0" hostname="Nesmas-MacBook-Pro.local" failures="1" tests="6" name="Test" time="3.367" errors="0" timestamp="2021-11-10T09:31:48 EET">
  <testcase classname="course_pakege.RestAssured" name="register" time="0.031">
    <failure type="java.lang.AssertionError" message="expected:&amp;lt;400&amp;gt; but was:&amp;lt;201&amp;gt;">
      <![CDATA[java.lang.AssertionError: expected:<400> but was:<201>
at course_pakege.RestAssured.register(RestAssured.java:35)
at java.base/java.util.ArrayList.forEach(ArrayList.java:1511)
... Removed 32 stack frames]]>
    </failure>
  </testcase> <!-- register -->
  <testcase classname="course_pakege.RestAssured" name="getAllCoursesTC" time="0.274"/>
  <testcase classname="course_pakege.RestAssured" name="postCourseTC" time="0.043"/>
  <testcase classname="course_pakege.RestAssured" name="editCourseTC" time="0.031"/>
  <testcase classname="course_pakege.RestAssured" name="getCourseTC" time="0.078"/>
  <testcase classname="course_pakege.RestAssured" name="deleteCourseTC" time="0.031"/>
</testsuite> <!-- Test -->
