<?xml version="1.0" encoding="UTF-8"?>
<testng-results ignored="5" total="6" passed="1" failed="0" skipped="0">
  <reporter-output>
  </reporter-output>
  <suite started-at="2021-11-09T15:39:34 EET" name="Default suite" finished-at="2021-11-09T15:39:36 EET" duration-ms="2751">
    <groups>
    </groups>
    <test started-at="2021-11-09T15:39:34 EET" name="Default test" finished-at="2021-11-09T15:39:36 EET" duration-ms="2751">
      <class name="course_pakege.RestAssured">
        <test-method is-config="true" signature="login()[pri:0, instance:course_pakege.RestAssured@2fb3536e]" started-at="2021-11-09T15:39:34 EET" name="login" finished-at="2021-11-09T15:39:36 EET" duration-ms="2624" status="PASS">
          <reporter-output>
          </reporter-output>
        </test-method> <!-- login -->
        <test-method signature="deleteCourseTC()[pri:0, instance:course_pakege.RestAssured@2fb3536e]" started-at="2021-11-09T15:39:36 EET" name="deleteCourseTC" finished-at="2021-11-09T15:39:36 EET" duration-ms="65" status="PASS">
          <reporter-output>
          </reporter-output>
        </test-method> <!-- deleteCourseTC -->
      </class> <!-- course_pakege.RestAssured -->
    </test> <!-- Default test -->
  </suite> <!-- Default suite -->
</testng-results>
