<?xml version="1.0" encoding="UTF-8"?>
<testng-results ignored="4" total="5" passed="1" failed="0" skipped="0">
  <reporter-output>
  </reporter-output>
  <suite started-at="2021-11-10T09:42:08 EET" name="Default suite" finished-at="2021-11-10T09:42:14 EET" duration-ms="6310">
    <groups>
    </groups>
    <test started-at="2021-11-10T09:42:08 EET" name="Default test" finished-at="2021-11-10T09:42:14 EET" duration-ms="6310">
      <class name="course_pakege.RestAssured">
        <test-method is-config="true" signature="login()[pri:0, instance:course_pakege.RestAssured@c333c60]" started-at="2021-11-10T09:42:08 EET" name="login" finished-at="2021-11-10T09:42:13 EET" duration-ms="5401" status="PASS">
          <reporter-output>
          </reporter-output>
        </test-method> <!-- login -->
        <test-method signature="getAllCoursesTC()[pri:1, instance:course_pakege.RestAssured@c333c60]" started-at="2021-11-10T09:42:13 EET" name="getAllCoursesTC" finished-at="2021-11-10T09:42:14 EET" duration-ms="800" status="PASS">
          <reporter-output>
          </reporter-output>
        </test-method> <!-- getAllCoursesTC -->
      </class> <!-- course_pakege.RestAssured -->
    </test> <!-- Default test -->
  </suite> <!-- Default suite -->
</testng-results>
